<?xml version="1.0" encoding="UTF-8"?>
<testng-results ignored="0" total="3" passed="3" failed="0" skipped="0">
  <reporter-output>
  </reporter-output>
  <suite started-at="2022-12-28T20:16:00 SGT" name="Default suite" finished-at="2022-12-28T20:17:00 SGT" duration-ms="60133">
    <groups>
    </groups>
    <test started-at="2022-12-28T20:16:00 SGT" name="Default test" finished-at="2022-12-28T20:17:00 SGT" duration-ms="60133">
      <class name="Main">
        <test-method signature="Scenario_1()[pri:0, instance:Main@e1de817]" started-at="2022-12-28T20:16:00 SGT" name="Scenario_1" finished-at="2022-12-28T20:16:25 SGT" duration-ms="25763" status="PASS">
          <reporter-output>
          </reporter-output>
        </test-method> <!-- Scenario_1 -->
        <test-method signature="Scenario_2()[pri:0, instance:Main@e1de817]" started-at="2022-12-28T20:16:25 SGT" name="Scenario_2" finished-at="2022-12-28T20:16:51 SGT" duration-ms="25830" status="PASS">
          <reporter-output>
          </reporter-output>
        </test-method> <!-- Scenario_2 -->
        <test-method signature="Scenario_3()[pri:0, instance:Main@e1de817]" started-at="2022-12-28T20:16:51 SGT" name="Scenario_3" finished-at="2022-12-28T20:17:00 SGT" duration-ms="8499" status="PASS">
          <reporter-output>
          </reporter-output>
        </test-method> <!-- Scenario_3 -->
      </class> <!-- Main -->
    </test> <!-- Default test -->
  </suite> <!-- Default suite -->
</testng-results>
