<?xml version="1.0" encoding="UTF-8"?>
<testng-results ignored="0" total="3" passed="3" failed="0" skipped="0">
  <reporter-output>
  </reporter-output>
  <suite started-at="2022-12-28T19:28:36 SGT" name="Default suite" finished-at="2022-12-28T19:29:52 SGT" duration-ms="75939">
    <groups>
    </groups>
    <test started-at="2022-12-28T19:28:36 SGT" name="Default test" finished-at="2022-12-28T19:29:52 SGT" duration-ms="75939">
      <class name="Main">
        <test-method signature="Scenario_1()[pri:0, instance:Main@e1de817]" started-at="2022-12-28T19:28:36 SGT" name="Scenario_1" finished-at="2022-12-28T19:29:01 SGT" duration-ms="25456" status="PASS">
          <reporter-output>
          </reporter-output>
        </test-method> <!-- Scenario_1 -->
        <test-method signature="Scenario_2()[pri:0, instance:Main@e1de817]" started-at="2022-12-28T19:29:01 SGT" name="Scenario_2" finished-at="2022-12-28T19:29:27 SGT" duration-ms="25944" status="PASS">
          <reporter-output>
          </reporter-output>
        </test-method> <!-- Scenario_2 -->
        <test-method signature="Scenario_3()[pri:0, instance:Main@e1de817]" started-at="2022-12-28T19:29:27 SGT" name="Scenario_3" finished-at="2022-12-28T19:29:52 SGT" duration-ms="24509" status="PASS">
          <reporter-output>
          </reporter-output>
        </test-method> <!-- Scenario_3 -->
      </class> <!-- Main -->
    </test> <!-- Default test -->
  </suite> <!-- Default suite -->
</testng-results>
